{"/Users/macbook/Desktop/kanban-board/src/components/KanbanCard.tsx": {"path":"/Users/macbook/Desktop/kanban-board/src/components/KanbanCard.tsx","statementMap":{"0":{"start":{"line":1,"column":0},"end":{"line":1,"column":51}},"1":{"start":{"line":2,"column":0},"end":{"line":2,"column":44}},"2":{"start":{"line":3,"column":0},"end":{"line":3,"column":41}},"3":{"start":{"line":4,"column":0},"end":{"line":4,"column":45}},"4":{"start":{"line":5,"column":0},"end":{"line":5,"column":null}},"5":{"start":{"line":13,"column":0},"end":{"line":13,"column":49}},"6":{"start":{"line":15,"column":0},"end":{"line":15,"column":null}},"7":{"start":{"line":20,"column":0},"end":{"line":20,"column":null}},"8":{"start":{"line":24,"column":0},"end":{"line":24,"column":36}},"9":{"start":{"line":26,"column":19},"end":{"line":54,"column":3}},"10":{"start":{"line":28,"column":2},"end":{"line":31,"column":22}},"11":{"start":{"line":37,"column":71},"end":{"line":54,"column":2}},"12":{"start":{"line":56,"column":19},"end":{"line":163,"column":1}},"13":{"start":{"line":64,"column":18},"end":{"line":64,"column":31}},"14":{"start":{"line":65,"column":24},"end":{"line":65,"column":49}},"15":{"start":{"line":66,"column":24},"end":{"line":66,"column":49}},"16":{"start":{"line":67,"column":35},"end":{"line":67,"column":50}},"17":{"start":{"line":68,"column":39},"end":{"line":68,"column":67}},"18":{"start":{"line":70,"column":15},"end":{"line":70,"column":25}},"19":{"start":{"line":71,"column":26},"end":{"line":71,"column":69}},"20":{"start":{"line":74,"column":2},"end":{"line":77,"column":4}},"21":{"start":{"line":79,"column":22},"end":{"line":86,"column":33}},"22":{"start":{"line":80,"column":2},"end":{"line":85,"column":3}},"23":{"start":{"line":81,"column":3},"end":{"line":81,"column":null}},"24":{"start":{"line":82,"column":3},"end":{"line":82,"column":null}},"25":{"start":{"line":84,"column":3},"end":{"line":84,"column":null}},"26":{"start":{"line":88,"column":25},"end":{"line":99,"column":53}},"27":{"start":{"line":89,"column":2},"end":{"line":89,"column":42}},"28":{"start":{"line":89,"column":36},"end":{"line":89,"column":42}},"29":{"start":{"line":90,"column":2},"end":{"line":90,"column":null}},"30":{"start":{"line":91,"column":24},"end":{"line":91,"column":50}},"31":{"start":{"line":93,"column":2},"end":{"line":98,"column":3}},"32":{"start":{"line":94,"column":3},"end":{"line":94,"column":null}},"33":{"start":{"line":95,"column":3},"end":{"line":95,"column":null}},"34":{"start":{"line":97,"column":3},"end":{"line":97,"column":null}},"35":{"start":{"line":101,"column":28},"end":{"line":106,"column":null}},"36":{"start":{"line":103,"column":3},"end":{"line":103,"column":null}},"37":{"start":{"line":103,"column":26},"end":{"line":103,"column":null}},"38":{"start":{"line":104,"column":3},"end":{"line":104,"column":null}},"39":{"start":{"line":104,"column":27},"end":{"line":104,"column":null}},"40":{"start":{"line":109,"column":1},"end":{"line":162,"column":null}},"41":{"start":{"line":118,"column":24},"end":{"line":118,"column":42}},"42":{"start":{"line":124,"column":22},"end":{"line":124,"column":52}},"43":{"start":{"line":148,"column":5},"end":{"line":148,"column":null}},"44":{"start":{"line":149,"column":5},"end":{"line":149,"column":null}},"45":{"start":{"line":165,"column":0},"end":{"line":165,"column":null}}},"fnMap":{"0":{"name":"(anonymous_1)","decl":{"start":{"line":27,"column":20},"end":{"line":27,"column":21}},"loc":{"start":{"line":28,"column":2},"end":{"line":31,"column":22}}},"1":{"name":"(anonymous_2)","decl":{"start":{"line":37,"column":3},"end":{"line":37,"column":4}},"loc":{"start":{"line":37,"column":71},"end":{"line":54,"column":2}}},"2":{"name":"(anonymous_3)","decl":{"start":{"line":56,"column":19},"end":{"line":56,"column":20}},"loc":{"start":{"line":63,"column":22},"end":{"line":163,"column":1}}},"3":{"name":"(anonymous_4)","decl":{"start":{"line":79,"column":34},"end":{"line":79,"column":39}},"loc":{"start":{"line":79,"column":45},"end":{"line":86,"column":2}}},"4":{"name":"(anonymous_5)","decl":{"start":{"line":88,"column":37},"end":{"line":88,"column":42}},"loc":{"start":{"line":88,"column":48},"end":{"line":99,"column":2}}},"5":{"name":"(anonymous_6)","decl":{"start":{"line":102,"column":2},"end":{"line":102,"column":3}},"loc":{"start":{"line":102,"column":29},"end":{"line":105,"column":3}}},"6":{"name":"(anonymous_7)","decl":{"start":{"line":118,"column":18},"end":{"line":118,"column":21}},"loc":{"start":{"line":118,"column":24},"end":{"line":118,"column":42}}},"7":{"name":"(anonymous_8)","decl":{"start":{"line":124,"column":15},"end":{"line":124,"column":16}},"loc":{"start":{"line":124,"column":22},"end":{"line":124,"column":52}}},"8":{"name":"(anonymous_9)","decl":{"start":{"line":147,"column":13},"end":{"line":147,"column":14}},"loc":{"start":{"line":147,"column":19},"end":{"line":150,"column":5}}}},"branchMap":{"0":{"loc":{"start":{"line":28,"column":2},"end":{"line":31,"column":22}},"type":"binary-expr","locations":[{"start":{"line":28,"column":2},"end":{"line":28,"column":22}},{"start":{"line":29,"column":2},"end":{"line":29,"column":23}},{"start":{"line":30,"column":2},"end":{"line":30,"column":29}},{"start":{"line":31,"column":2},"end":{"line":31,"column":22}}]},"1":{"loc":{"start":{"line":45,"column":10},"end":{"line":45,"column":30}},"type":"cond-expr","locations":[{"start":{"line":45,"column":23},"end":{"line":45,"column":26}},{"start":{"line":45,"column":29},"end":{"line":45,"column":30}}]},"2":{"loc":{"start":{"line":49,"column":12},"end":{"line":49,"column":76}},"type":"cond-expr","locations":[{"start":{"line":49,"column":31},"end":{"line":49,"column":67}},{"start":{"line":49,"column":70},"end":{"line":49,"column":76}}]},"3":{"loc":{"start":{"line":58,"column":1},"end":{"line":58,"column":21}},"type":"default-arg","locations":[{"start":{"line":58,"column":9},"end":{"line":58,"column":21}}]},"4":{"loc":{"start":{"line":61,"column":1},"end":{"line":61,"column":14}},"type":"default-arg","locations":[{"start":{"line":61,"column":9},"end":{"line":61,"column":14}}]},"5":{"loc":{"start":{"line":68,"column":48},"end":{"line":68,"column":66}},"type":"cond-expr","locations":[{"start":{"line":68,"column":56},"end":{"line":68,"column":58}},{"start":{"line":68,"column":61},"end":{"line":68,"column":66}}]},"6":{"loc":{"start":{"line":89,"column":2},"end":{"line":89,"column":42}},"type":"if","locations":[{"start":{"line":89,"column":2},"end":{"line":89,"column":42}}]},"7":{"loc":{"start":{"line":103,"column":3},"end":{"line":103,"column":null}},"type":"if","locations":[{"start":{"line":103,"column":3},"end":{"line":103,"column":null}}]},"8":{"loc":{"start":{"line":104,"column":3},"end":{"line":104,"column":null}},"type":"if","locations":[{"start":{"line":104,"column":3},"end":{"line":104,"column":null}}]},"9":{"loc":{"start":{"line":121,"column":4},"end":{"line":143,"column":null}},"type":"cond-expr","locations":[{"start":{"line":122,"column":4},"end":{"line":135,"column":null}},{"start":{"line":138,"column":4},"end":{"line":142,"column":null}}]},"10":{"loc":{"start":{"line":155,"column":14},"end":{"line":155,"column":49}},"type":"cond-expr","locations":[{"start":{"line":155,"column":33},"end":{"line":155,"column":40}},{"start":{"line":155,"column":43},"end":{"line":155,"column":49}}]}},"s":{"0":1,"1":1,"2":1,"3":1,"4":1,"5":1,"6":1,"7":1,"8":1,"9":1,"10":339,"11":26,"12":1,"13":26,"14":26,"15":26,"16":26,"17":26,"18":26,"19":26,"20":26,"21":26,"22":2,"23":2,"24":2,"25":0,"26":26,"27":2,"28":0,"29":2,"30":2,"31":2,"32":2,"33":2,"34":0,"35":26,"36":14,"37":0,"38":14,"39":0,"40":26,"41":2,"42":16,"43":2,"44":2,"45":1},"f":{"0":339,"1":26,"2":26,"3":2,"4":2,"5":14,"6":2,"7":16,"8":2},"b":{"0":[339,313,287,261],"1":[0,26],"2":[0,26],"3":[0],"4":[26],"5":[0,26],"6":[0],"7":[0],"8":[0],"9":[18,8],"10":[0,26]}}
,"/Users/macbook/Desktop/kanban-board/src/components/KanbanLane.tsx": {"path":"/Users/macbook/Desktop/kanban-board/src/components/KanbanLane.tsx","statementMap":{"0":{"start":{"line":1,"column":0},"end":{"line":1,"column":39}},"1":{"start":{"line":2,"column":0},"end":{"line":2,"column":59}},"2":{"start":{"line":3,"column":0},"end":{"line":3,"column":45}},"3":{"start":{"line":4,"column":0},"end":{"line":4,"column":41}},"4":{"start":{"line":5,"column":0},"end":{"line":5,"column":44}},"5":{"start":{"line":7,"column":0},"end":{"line":7,"column":63}},"6":{"start":{"line":8,"column":0},"end":{"line":8,"column":61}},"7":{"start":{"line":9,"column":0},"end":{"line":9,"column":37}},"8":{"start":{"line":11,"column":0},"end":{"line":11,"column":null}},"9":{"start":{"line":16,"column":40},"end":{"line":135,"column":1}},"10":{"start":{"line":17,"column":24},"end":{"line":19,"column":3}},"11":{"start":{"line":20,"column":18},"end":{"line":20,"column":31}},"12":{"start":{"line":21,"column":24},"end":{"line":21,"column":49}},"13":{"start":{"line":23,"column":28},"end":{"line":37,"column":43}},"14":{"start":{"line":24,"column":2},"end":{"line":36,"column":20}},"15":{"start":{"line":26,"column":4},"end":{"line":27,"column":null}},"16":{"start":{"line":30,"column":21},"end":{"line":33,"column":14}},"17":{"start":{"line":35,"column":3},"end":{"line":35,"column":null}},"18":{"start":{"line":39,"column":1},"end":{"line":134,"column":null}},"19":{"start":{"line":122,"column":5},"end":{"line":125,"column":null}},"20":{"start":{"line":136,"column":0},"end":{"line":136,"column":null}}},"fnMap":{"0":{"name":"(anonymous_1)","decl":{"start":{"line":16,"column":40},"end":{"line":16,"column":41}},"loc":{"start":{"line":16,"column":62},"end":{"line":135,"column":1}}},"1":{"name":"(anonymous_2)","decl":{"start":{"line":23,"column":40},"end":{"line":23,"column":45}},"loc":{"start":{"line":23,"column":51},"end":{"line":37,"column":2}}},"2":{"name":"(anonymous_3)","decl":{"start":{"line":121,"column":15},"end":{"line":121,"column":16}},"loc":{"start":{"line":122,"column":5},"end":{"line":125,"column":null}}}},"branchMap":{},"s":{"0":1,"1":1,"2":1,"3":1,"4":1,"5":1,"6":1,"7":1,"8":1,"9":1,"10":4,"11":4,"12":4,"13":4,"14":1,"15":1,"16":1,"17":1,"18":4,"19":8,"20":1},"f":{"0":4,"1":1,"2":8},"b":{}}
,"/Users/macbook/Desktop/kanban-board/src/config/kanbanConfig.ts": {"path":"/Users/macbook/Desktop/kanban-board/src/config/kanbanConfig.ts","statementMap":{"0":{"start":{"line":1,"column":0},"end":{"line":1,"column":65}},"1":{"start":{"line":3,"column":13},"end":{"line":25,"column":null}}},"fnMap":{},"branchMap":{},"s":{"0":1,"1":1},"f":{},"b":{}}
,"/Users/macbook/Desktop/kanban-board/src/features/kanban/VerticalKanban.tsx": {"path":"/Users/macbook/Desktop/kanban-board/src/features/kanban/VerticalKanban.tsx","statementMap":{"0":{"start":{"line":1,"column":0},"end":{"line":1,"column":null}},"1":{"start":{"line":8,"column":0},"end":{"line":8,"column":null}},"2":{"start":{"line":12,"column":0},"end":{"line":12,"column":46}},"3":{"start":{"line":13,"column":0},"end":{"line":13,"column":null}},"4":{"start":{"line":22,"column":0},"end":{"line":22,"column":57}},"5":{"start":{"line":24,"column":0},"end":{"line":24,"column":54}},"6":{"start":{"line":25,"column":0},"end":{"line":25,"column":57}},"7":{"start":{"line":27,"column":0},"end":{"line":27,"column":68}},"8":{"start":{"line":28,"column":0},"end":{"line":28,"column":47}},"9":{"start":{"line":29,"column":0},"end":{"line":29,"column":52}},"10":{"start":{"line":30,"column":0},"end":{"line":30,"column":45}},"11":{"start":{"line":31,"column":0},"end":{"line":31,"column":69}},"12":{"start":{"line":32,"column":0},"end":{"line":32,"column":52}},"13":{"start":{"line":34,"column":20},"end":{"line":54,"column":3}},"14":{"start":{"line":34,"column":62},"end":{"line":54,"column":2}},"15":{"start":{"line":56,"column":23},"end":{"line":184,"column":1}},"16":{"start":{"line":57,"column":15},"end":{"line":57,"column":25}},"17":{"start":{"line":58,"column":26},"end":{"line":58,"column":69}},"18":{"start":{"line":59,"column":23},"end":{"line":64,"column":3}},"19":{"start":{"line":66,"column":17},"end":{"line":66,"column":42}},"20":{"start":{"line":67,"column":18},"end":{"line":67,"column":31}},"21":{"start":{"line":68,"column":14},"end":{"line":68,"column":70}},"22":{"start":{"line":68,"column":48},"end":{"line":68,"column":69}},"23":{"start":{"line":69,"column":20},"end":{"line":69,"column":49}},"24":{"start":{"line":70,"column":55},"end":{"line":70,"column":75}},"25":{"start":{"line":71,"column":23},"end":{"line":74,"column":3}},"26":{"start":{"line":76,"column":24},"end":{"line":76,"column":49}},"27":{"start":{"line":78,"column":28},"end":{"line":82,"column":null}},"28":{"start":{"line":80,"column":3},"end":{"line":80,"column":null}},"29":{"start":{"line":85,"column":1},"end":{"line":87,"column":2}},"30":{"start":{"line":86,"column":2},"end":{"line":86,"column":null}},"31":{"start":{"line":89,"column":23},"end":{"line":112,"column":2}},"32":{"start":{"line":90,"column":20},"end":{"line":90,"column":34}},"33":{"start":{"line":91,"column":21},"end":{"line":91,"column":36}},"34":{"start":{"line":92,"column":2},"end":{"line":111,"column":3}},"35":{"start":{"line":97,"column":26},"end":{"line":103,"column":5}},"36":{"start":{"line":98,"column":4},"end":{"line":102,"column":5}},"37":{"start":{"line":99,"column":5},"end":{"line":99,"column":null}},"38":{"start":{"line":101,"column":5},"end":{"line":101,"column":null}},"39":{"start":{"line":105,"column":3},"end":{"line":105,"column":null}},"40":{"start":{"line":106,"column":21},"end":{"line":106,"column":71}},"41":{"start":{"line":107,"column":3},"end":{"line":110,"column":null}},"42":{"start":{"line":114,"column":27},"end":{"line":118,"column":2}},"43":{"start":{"line":115,"column":16},"end":{"line":115,"column":30}},"44":{"start":{"line":116,"column":2},"end":{"line":116,"column":null}},"45":{"start":{"line":117,"column":2},"end":{"line":117,"column":null}},"46":{"start":{"line":120,"column":1},"end":{"line":183,"column":null}},"47":{"start":{"line":163,"column":6},"end":{"line":164,"column":null}},"48":{"start":{"line":174,"column":20},"end":{"line":174,"column":48}},"49":{"start":{"line":186,"column":0},"end":{"line":186,"column":null}}},"fnMap":{"0":{"name":"(anonymous_1)","decl":{"start":{"line":34,"column":46},"end":{"line":34,"column":47}},"loc":{"start":{"line":34,"column":62},"end":{"line":54,"column":2}}},"1":{"name":"(anonymous_2)","decl":{"start":{"line":56,"column":23},"end":{"line":56,"column":26}},"loc":{"start":{"line":56,"column":28},"end":{"line":184,"column":1}}},"2":{"name":"(anonymous_3)","decl":{"start":{"line":68,"column":26},"end":{"line":68,"column":27}},"loc":{"start":{"line":68,"column":48},"end":{"line":68,"column":69}}},"3":{"name":"(anonymous_4)","decl":{"start":{"line":79,"column":11},"end":{"line":79,"column":12}},"loc":{"start":{"line":79,"column":29},"end":{"line":81,"column":3}}},"4":{"name":"(anonymous_5)","decl":{"start":{"line":89,"column":23},"end":{"line":89,"column":28}},"loc":{"start":{"line":89,"column":53},"end":{"line":112,"column":2}}},"5":{"name":"(anonymous_6)","decl":{"start":{"line":97,"column":36},"end":{"line":97,"column":37}},"loc":{"start":{"line":97,"column":47},"end":{"line":103,"column":4}}},"6":{"name":"(anonymous_7)","decl":{"start":{"line":114,"column":27},"end":{"line":114,"column":28}},"loc":{"start":{"line":114,"column":70},"end":{"line":118,"column":2}}},"7":{"name":"(anonymous_8)","decl":{"start":{"line":162,"column":24},"end":{"line":162,"column":25}},"loc":{"start":{"line":163,"column":6},"end":{"line":164,"column":null}}},"8":{"name":"(anonymous_9)","decl":{"start":{"line":174,"column":10},"end":{"line":174,"column":11}},"loc":{"start":{"line":174,"column":20},"end":{"line":174,"column":48}}}},"branchMap":{"0":{"loc":{"start":{"line":73,"column":3},"end":{"line":73,"column":67}},"type":"cond-expr","locations":[{"start":{"line":73,"column":36},"end":{"line":73,"column":55}},{"start":{"line":73,"column":58},"end":{"line":73,"column":67}}]},"1":{"loc":{"start":{"line":85,"column":1},"end":{"line":87,"column":2}},"type":"if","locations":[{"start":{"line":85,"column":1},"end":{"line":87,"column":2}}]},"2":{"loc":{"start":{"line":92,"column":2},"end":{"line":111,"column":3}},"type":"if","locations":[{"start":{"line":92,"column":2},"end":{"line":111,"column":3}}]},"3":{"loc":{"start":{"line":93,"column":3},"end":{"line":95,"column":49}},"type":"binary-expr","locations":[{"start":{"line":93,"column":3},"end":{"line":93,"column":12}},{"start":{"line":94,"column":3},"end":{"line":94,"column":28}},{"start":{"line":95,"column":3},"end":{"line":95,"column":49}}]},"4":{"loc":{"start":{"line":98,"column":4},"end":{"line":102,"column":5}},"type":"if","locations":[{"start":{"line":98,"column":4},"end":{"line":102,"column":5}},{"start":{"line":100,"column":11},"end":{"line":102,"column":5}}]},"5":{"loc":{"start":{"line":105,"column":23},"end":{"line":105,"column":43}},"type":"binary-expr","locations":[{"start":{"line":105,"column":23},"end":{"line":105,"column":37}},{"start":{"line":105,"column":41},"end":{"line":105,"column":43}}]},"6":{"loc":{"start":{"line":166,"column":15},"end":{"line":166,"column":49}},"type":"cond-expr","locations":[{"start":{"line":166,"column":34},"end":{"line":166,"column":41}},{"start":{"line":166,"column":44},"end":{"line":166,"column":49}}]},"7":{"loc":{"start":{"line":173,"column":9},"end":{"line":175,"column":16}},"type":"binary-expr","locations":[{"start":{"line":173,"column":9},"end":{"line":174,"column":null}},{"start":{"line":175,"column":14},"end":{"line":175,"column":16}}]}},"s":{"0":1,"1":1,"2":1,"3":1,"4":1,"5":1,"6":1,"7":1,"8":1,"9":1,"10":1,"11":1,"12":1,"13":1,"14":2,"15":1,"16":2,"17":2,"18":2,"19":2,"20":2,"21":2,"22":4,"23":2,"24":2,"25":2,"26":2,"27":2,"28":0,"29":2,"30":0,"31":2,"32":0,"33":0,"34":0,"35":0,"36":0,"37":0,"38":0,"39":0,"40":0,"41":0,"42":2,"43":8,"44":8,"45":8,"46":2,"47":6,"48":18,"49":1},"f":{"0":2,"1":2,"2":4,"3":0,"4":0,"5":0,"6":8,"7":6,"8":18},"b":{"0":[0,2],"1":[0],"2":[0],"3":[0,0,0],"4":[0,0],"5":[0,0],"6":[0,6],"7":[6,0]}}
,"/Users/macbook/Desktop/kanban-board/src/features/kanban/ticketSelectors.ts": {"path":"/Users/macbook/Desktop/kanban-board/src/features/kanban/ticketSelectors.ts","statementMap":{"0":{"start":{"line":1,"column":0},"end":{"line":1,"column":49}},"1":{"start":{"line":4,"column":34},"end":{"line":4,"column":69}},"2":{"start":{"line":4,"column":56},"end":{"line":4,"column":69}},"3":{"start":{"line":4,"column":13},"end":{"line":4,"column":34}},"4":{"start":{"line":6,"column":13},"end":{"line":9,"column":null}},"5":{"start":{"line":8,"column":19},"end":{"line":8,"column":41}},"6":{"start":{"line":11,"column":13},"end":{"line":14,"column":null}},"7":{"start":{"line":13,"column":19},"end":{"line":13,"column":41}},"8":{"start":{"line":16,"column":32},"end":{"line":16,"column":78}},"9":{"start":{"line":16,"column":54},"end":{"line":16,"column":78}},"10":{"start":{"line":16,"column":13},"end":{"line":16,"column":32}},"11":{"start":{"line":17,"column":29},"end":{"line":17,"column":72}},"12":{"start":{"line":17,"column":51},"end":{"line":17,"column":72}},"13":{"start":{"line":17,"column":13},"end":{"line":17,"column":29}}},"fnMap":{"0":{"name":"(anonymous_0)","decl":{"start":{"line":4,"column":34},"end":{"line":4,"column":35}},"loc":{"start":{"line":4,"column":56},"end":{"line":4,"column":69}}},"1":{"name":"(anonymous_1)","decl":{"start":{"line":8,"column":1},"end":{"line":8,"column":2}},"loc":{"start":{"line":8,"column":19},"end":{"line":8,"column":41}}},"2":{"name":"(anonymous_2)","decl":{"start":{"line":13,"column":1},"end":{"line":13,"column":2}},"loc":{"start":{"line":13,"column":19},"end":{"line":13,"column":41}}},"3":{"name":"(anonymous_3)","decl":{"start":{"line":16,"column":32},"end":{"line":16,"column":33}},"loc":{"start":{"line":16,"column":54},"end":{"line":16,"column":78}}},"4":{"name":"(anonymous_4)","decl":{"start":{"line":17,"column":29},"end":{"line":17,"column":30}},"loc":{"start":{"line":17,"column":51},"end":{"line":17,"column":72}}}},"branchMap":{},"s":{"0":1,"1":1,"2":0,"3":1,"4":1,"5":0,"6":1,"7":0,"8":1,"9":4,"10":1,"11":1,"12":0,"13":1},"f":{"0":0,"1":0,"2":0,"3":4,"4":0},"b":{}}
,"/Users/macbook/Desktop/kanban-board/src/features/kanban/ticketSlice.ts": {"path":"/Users/macbook/Desktop/kanban-board/src/features/kanban/ticketSlice.ts","statementMap":{"0":{"start":{"line":1,"column":0},"end":{"line":1,"column":61}},"1":{"start":{"line":2,"column":0},"end":{"line":2,"column":53}},"2":{"start":{"line":5,"column":35},"end":{"line":10,"column":null}},"3":{"start":{"line":12,"column":21},"end":{"line":59,"column":2}},"4":{"start":{"line":26,"column":3},"end":{"line":26,"column":null}},"5":{"start":{"line":29,"column":3},"end":{"line":29,"column":null}},"6":{"start":{"line":32,"column":3},"end":{"line":34,"column":null}},"7":{"start":{"line":33,"column":16},"end":{"line":33,"column":44}},"8":{"start":{"line":37,"column":3},"end":{"line":37,"column":null}},"9":{"start":{"line":43,"column":3},"end":{"line":48,"column":null}},"10":{"start":{"line":44,"column":4},"end":{"line":46,"column":5}},"11":{"start":{"line":45,"column":5},"end":{"line":45,"column":null}},"12":{"start":{"line":47,"column":4},"end":{"line":47,"column":null}},"13":{"start":{"line":52,"column":2},"end":{"line":57,"column":null}},"14":{"start":{"line":55,"column":4},"end":{"line":55,"column":null}},"15":{"start":{"line":61,"column":13},"end":{"line":66,"column":null}},"16":{"start":{"line":68,"column":0},"end":{"line":68,"column":null}}},"fnMap":{"0":{"name":"(anonymous_0)","decl":{"start":{"line":16,"column":2},"end":{"line":16,"column":12}},"loc":{"start":{"line":24,"column":4},"end":{"line":27,"column":3}}},"1":{"name":"(anonymous_1)","decl":{"start":{"line":28,"column":2},"end":{"line":28,"column":15}},"loc":{"start":{"line":28,"column":52},"end":{"line":30,"column":3}}},"2":{"name":"(anonymous_2)","decl":{"start":{"line":31,"column":2},"end":{"line":31,"column":22}},"loc":{"start":{"line":31,"column":59},"end":{"line":35,"column":3}}},"3":{"name":"(anonymous_3)","decl":{"start":{"line":33,"column":4},"end":{"line":33,"column":5}},"loc":{"start":{"line":33,"column":16},"end":{"line":33,"column":44}}},"4":{"name":"(anonymous_4)","decl":{"start":{"line":36,"column":2},"end":{"line":36,"column":14}},"loc":{"start":{"line":36,"column":51},"end":{"line":38,"column":3}}},"5":{"name":"(anonymous_5)","decl":{"start":{"line":39,"column":2},"end":{"line":39,"column":18}},"loc":{"start":{"line":41,"column":55},"end":{"line":49,"column":3}}},"6":{"name":"(anonymous_6)","decl":{"start":{"line":43,"column":37},"end":{"line":43,"column":38}},"loc":{"start":{"line":43,"column":48},"end":{"line":48,"column":4}}},"7":{"name":"(anonymous_7)","decl":{"start":{"line":51,"column":16},"end":{"line":51,"column":17}},"loc":{"start":{"line":51,"column":28},"end":{"line":58,"column":2}}},"8":{"name":"(anonymous_8)","decl":{"start":{"line":54,"column":3},"end":{"line":54,"column":4}},"loc":{"start":{"line":54,"column":26},"end":{"line":56,"column":4}}}},"branchMap":{"0":{"loc":{"start":{"line":44,"column":4},"end":{"line":46,"column":5}},"type":"if","locations":[{"start":{"line":44,"column":4},"end":{"line":46,"column":5}}]}},"s":{"0":3,"1":3,"2":3,"3":3,"4":0,"5":0,"6":0,"7":0,"8":0,"9":0,"10":0,"11":0,"12":0,"13":0,"14":0,"15":3,"16":3},"f":{"0":0,"1":0,"2":0,"3":0,"4":0,"5":0,"6":0,"7":0,"8":0},"b":{"0":[0]}}
,"/Users/macbook/Desktop/kanban-board/src/types/VerticalKanbanBoard.types.ts": {"path":"/Users/macbook/Desktop/kanban-board/src/types/VerticalKanbanBoard.types.ts","statementMap":{"0":{"start":{"line":1,"column":0},"end":{"line":1,"column":null}},"1":{"start":{"line":2,"column":1},"end":{"line":2,"column":null}},"2":{"start":{"line":3,"column":1},"end":{"line":3,"column":null}},"3":{"start":{"line":4,"column":1},"end":{"line":4,"column":null}}},"fnMap":{"0":{"name":"(anonymous_0)","decl":{"start":{"line":1,"column":0},"end":{"line":1,"column":12}},"loc":{"start":{"line":1,"column":24},"end":{"line":5,"column":1}}}},"branchMap":{"0":{"loc":{"start":{"line":1,"column":12},"end":{"line":1,"column":null}},"type":"binary-expr","locations":[{"start":{"line":1,"column":12},"end":{"line":1,"column":24}},{"start":{"line":1,"column":24},"end":{"line":1,"column":null}}]}},"s":{"0":2,"1":2,"2":2,"3":2},"f":{"0":2},"b":{"0":[2,2]}}
,"/Users/macbook/Desktop/kanban-board/src/utils/CustomPointerSensor.ts": {"path":"/Users/macbook/Desktop/kanban-board/src/utils/CustomPointerSensor.ts","statementMap":{"0":{"start":{"line":1,"column":0},"end":{"line":1,"column":45}},"1":{"start":{"line":4,"column":21},"end":{"line":13,"column":null}},"2":{"start":{"line":8,"column":19},"end":{"line":8,"column":52}},"3":{"start":{"line":10,"column":4},"end":{"line":10,"column":null}},"4":{"start":{"line":3,"column":0},"end":{"line":3,"column":13}}},"fnMap":{"0":{"name":"(anonymous_0)","decl":{"start":{"line":7,"column":12},"end":{"line":7,"column":13}},"loc":{"start":{"line":7,"column":63},"end":{"line":11,"column":4}}}},"branchMap":{},"s":{"0":1,"1":1,"2":0,"3":0,"4":1},"f":{"0":0},"b":{}}
,"/Users/macbook/Desktop/kanban-board/src/utils/index.ts": {"path":"/Users/macbook/Desktop/kanban-board/src/utils/index.ts","statementMap":{"0":{"start":{"line":1,"column":33},"end":{"line":8,"column":1}},"1":{"start":{"line":5,"column":1},"end":{"line":7,"column":null}},"2":{"start":{"line":6,"column":21},"end":{"line":6,"column":40}},"3":{"start":{"line":1,"column":13},"end":{"line":1,"column":33}}},"fnMap":{"0":{"name":"(anonymous_0)","decl":{"start":{"line":1,"column":33},"end":{"line":1,"column":null}},"loc":{"start":{"line":4,"column":16},"end":{"line":8,"column":1}}},"1":{"name":"(anonymous_1)","decl":{"start":{"line":6,"column":2},"end":{"line":6,"column":3}},"loc":{"start":{"line":6,"column":21},"end":{"line":6,"column":40}}}},"branchMap":{},"s":{"0":1,"1":0,"2":0,"3":1},"f":{"0":0,"1":0},"b":{}}
}
