TN:
SF:src/components/KanbanCard.tsx
FN:27,(anonymous_1)
FN:37,(anonymous_2)
FN:56,(anonymous_3)
FN:79,(anonymous_4)
FN:88,(anonymous_5)
FN:102,(anonymous_6)
FN:118,(anonymous_7)
FN:124,(anonymous_8)
FN:147,(anonymous_9)
FNF:9
FNH:9
FNDA:339,(anonymous_1)
FNDA:26,(anonymous_2)
FNDA:26,(anonymous_3)
FNDA:2,(anonymous_4)
FNDA:2,(anonymous_5)
FNDA:14,(anonymous_6)
FNDA:2,(anonymous_7)
FNDA:16,(anonymous_8)
FNDA:2,(anonymous_9)
DA:1,1
DA:2,1
DA:3,1
DA:4,1
DA:5,1
DA:13,1
DA:15,1
DA:20,1
DA:24,1
DA:26,1
DA:28,339
DA:37,26
DA:56,1
DA:64,26
DA:65,26
DA:66,26
DA:67,26
DA:68,26
DA:70,26
DA:71,26
DA:74,26
DA:79,26
DA:80,2
DA:81,2
DA:82,2
DA:84,0
DA:88,26
DA:89,2
DA:90,2
DA:91,2
DA:93,2
DA:94,2
DA:95,2
DA:97,0
DA:101,26
DA:103,14
DA:104,14
DA:109,26
DA:118,2
DA:124,16
DA:148,2
DA:149,2
DA:165,1
LF:43
LH:41
BRDA:28,0,0,339
BRDA:28,0,1,313
BRDA:28,0,2,287
BRDA:28,0,3,261
BRDA:45,1,0,0
BRDA:45,1,1,26
BRDA:49,2,0,0
BRDA:49,2,1,26
BRDA:58,3,0,0
BRDA:61,4,0,26
BRDA:68,5,0,0
BRDA:68,5,1,26
BRDA:89,6,0,0
BRDA:103,7,0,0
BRDA:104,8,0,0
BRDA:121,9,0,18
BRDA:121,9,1,8
BRDA:155,10,0,0
BRDA:155,10,1,26
BRF:19
BRH:11
end_of_record
TN:
SF:src/components/KanbanLane.tsx
FN:16,(anonymous_1)
FN:23,(anonymous_2)
FN:121,(anonymous_3)
FNF:3
FNH:3
FNDA:4,(anonymous_1)
FNDA:1,(anonymous_2)
FNDA:8,(anonymous_3)
DA:1,1
DA:2,1
DA:3,1
DA:4,1
DA:5,1
DA:7,1
DA:8,1
DA:9,1
DA:11,1
DA:16,1
DA:17,4
DA:20,4
DA:21,4
DA:23,4
DA:24,1
DA:26,1
DA:30,1
DA:35,1
DA:39,4
DA:122,8
DA:136,1
LF:21
LH:21
BRF:0
BRH:0
end_of_record
TN:
SF:src/config/kanbanConfig.ts
FNF:0
FNH:0
DA:1,1
DA:3,1
LF:2
LH:2
BRF:0
BRH:0
end_of_record
TN:
SF:src/features/kanban/VerticalKanban.tsx
FN:34,(anonymous_1)
FN:56,(anonymous_2)
FN:68,(anonymous_3)
FN:79,(anonymous_4)
FN:89,(anonymous_5)
FN:97,(anonymous_6)
FN:114,(anonymous_7)
FN:162,(anonymous_8)
FN:174,(anonymous_9)
FNF:9
FNH:6
FNDA:2,(anonymous_1)
FNDA:2,(anonymous_2)
FNDA:4,(anonymous_3)
FNDA:0,(anonymous_4)
FNDA:0,(anonymous_5)
FNDA:0,(anonymous_6)
FNDA:8,(anonymous_7)
FNDA:6,(anonymous_8)
FNDA:18,(anonymous_9)
DA:1,1
DA:8,1
DA:12,1
DA:13,1
DA:22,1
DA:24,1
DA:25,1
DA:27,1
DA:28,1
DA:29,1
DA:30,1
DA:31,1
DA:32,1
DA:34,2
DA:56,1
DA:57,2
DA:58,2
DA:59,2
DA:66,2
DA:67,2
DA:68,4
DA:69,2
DA:70,2
DA:71,2
DA:76,2
DA:78,2
DA:80,0
DA:85,2
DA:86,0
DA:89,2
DA:90,0
DA:91,0
DA:92,0
DA:97,0
DA:98,0
DA:99,0
DA:101,0
DA:105,0
DA:106,0
DA:107,0
DA:114,2
DA:115,8
DA:116,8
DA:117,8
DA:120,2
DA:163,6
DA:174,18
DA:186,1
LF:48
LH:36
BRDA:73,0,0,0
BRDA:73,0,1,2
BRDA:85,1,0,0
BRDA:92,2,0,0
BRDA:93,3,0,0
BRDA:93,3,1,0
BRDA:93,3,2,0
BRDA:98,4,0,0
BRDA:98,4,1,0
BRDA:105,5,0,0
BRDA:105,5,1,0
BRDA:166,6,0,0
BRDA:166,6,1,6
BRDA:173,7,0,6
BRDA:173,7,1,0
BRF:15
BRH:3
end_of_record
TN:
SF:src/features/kanban/ticketSelectors.ts
FN:4,(anonymous_0)
FN:8,(anonymous_1)
FN:13,(anonymous_2)
FN:16,(anonymous_3)
FN:17,(anonymous_4)
FNF:5
FNH:1
FNDA:0,(anonymous_0)
FNDA:0,(anonymous_1)
FNDA:0,(anonymous_2)
FNDA:4,(anonymous_3)
FNDA:0,(anonymous_4)
DA:1,1
DA:4,1
DA:6,1
DA:8,0
DA:11,1
DA:13,0
DA:16,4
DA:17,1
LF:8
LH:6
BRF:0
BRH:0
end_of_record
TN:
SF:src/features/kanban/ticketSlice.ts
FN:16,(anonymous_0)
FN:28,(anonymous_1)
FN:31,(anonymous_2)
FN:33,(anonymous_3)
FN:36,(anonymous_4)
FN:39,(anonymous_5)
FN:43,(anonymous_6)
FN:51,(anonymous_7)
FN:54,(anonymous_8)
FNF:9
FNH:0
FNDA:0,(anonymous_0)
FNDA:0,(anonymous_1)
FNDA:0,(anonymous_2)
FNDA:0,(anonymous_3)
FNDA:0,(anonymous_4)
FNDA:0,(anonymous_5)
FNDA:0,(anonymous_6)
FNDA:0,(anonymous_7)
FNDA:0,(anonymous_8)
DA:1,3
DA:2,3
DA:5,3
DA:12,3
DA:26,0
DA:29,0
DA:32,0
DA:33,0
DA:37,0
DA:43,0
DA:44,0
DA:45,0
DA:47,0
DA:52,0
DA:55,0
DA:61,3
DA:68,3
LF:17
LH:6
BRDA:44,0,0,0
BRF:1
BRH:0
end_of_record
TN:
SF:src/types/VerticalKanbanBoard.types.ts
FN:1,(anonymous_0)
FNF:1
FNH:1
FNDA:2,(anonymous_0)
DA:1,2
DA:2,2
DA:3,2
DA:4,2
LF:4
LH:4
BRDA:1,0,0,2
BRDA:1,0,1,2
BRF:2
BRH:2
end_of_record
TN:
SF:src/utils/CustomPointerSensor.ts
FN:7,(anonymous_0)
FNF:1
FNH:0
FNDA:0,(anonymous_0)
DA:1,1
DA:3,1
DA:4,1
DA:8,0
DA:10,0
LF:5
LH:3
BRF:0
BRH:0
end_of_record
TN:
SF:src/utils/index.ts
FN:1,(anonymous_0)
FN:6,(anonymous_1)
FNF:2
FNH:0
FNDA:0,(anonymous_0)
FNDA:0,(anonymous_1)
DA:1,1
DA:5,0
DA:6,0
LF:3
LH:1
BRF:0
BRH:0
end_of_record
